LD  A
ML  B
ST  TEMP1
LD  TEMP1
AD  C
ST  TEMP2
LD  TEMP2
SB  D
ST  TEMP3

LD  B
DV  C
ST  TEMP1
LD  A
AD  TEMP1
ST  TEMP2
LD  TEMP2
AD  D
ST  TEMP3

LD  C
AD  D
ST  TEMP1
LD  B
DV  TEMP1
ST  TEMP2
LD  A
AD  TEMP2
ST  TEMP3

LD  A
AD  B
ST  TEMP1
LD  C
AD  D
ST  TEMP2
LD  TEMP1
DV  TEMP2
ST  TEMP3

LD  A
SB  B
ST  TEMP1
LD  D
AD  E
ST  TEMP2
LD  C
SB  TEMP2
ST  TEMP3
LD  TEMP1
ML  TEMP3
ST  TEMP4

LD  A
DV  B
ST  TEMP1
LD  C
ML  D
ST  TEMP2
LD  TEMP1
SB  TEMP2
ST  TEMP3
LD  F
DV  G
ST  TEMP4
LD  TEMP3
AD  TEMP4
ST  TEMP5
LD  TEMP5
SB  H
ST  TEMP6

